CloudDemo/build/outputs/logs/manifest-merger-debug-report.txt
-- Merging decision tree log ---
manifest
ADDED from Rise/CloudDemo/AndroidManifest.xml:1:1-70:12
	xmlns:android
		ADDED from Rise/CloudDemo/AndroidManifest.xml:1:11-69
	package
		ADDED from Rise/CloudDemo/AndroidManifest.xml:2:5-37
	android:versionName
		ADDED from Rise/CloudDemo/AndroidManifest.xml:4:5-30
	android:versionCode
		ADDED from Rise/CloudDemo/AndroidManifest.xml:3:5-28
		INJECTED from Rise/CloudDemo/AndroidManifest.xml
		INJECTED from Rise/CloudDemo/AndroidManifest.xml
uses-sdk
ADDED from Rise/CloudDemo/AndroidManifest.xml:6:5-8:41
	android:targetSdkVersion
		ADDED from Rise/CloudDemo/AndroidManifest.xml:8:9-38
	android:minSdkVersion
		ADDED from Rise/CloudDemo/AndroidManifest.xml:7:9-35
uses-permission#android.permission.MOUNT_UNMOUNT_FILESYSTEMS
ADDED from Rise/CloudDemo/AndroidManifest.xml:10:5-84
	android:name
		ADDED from Rise/CloudDemo/AndroidManifest.xml:10:22-81
uses-permission#android.permission.WRITE_EXTERNAL_STORAGE
ADDED from Rise/CloudDemo/AndroidManifest.xml:11:5-81
	android:name
		ADDED from Rise/CloudDemo/AndroidManifest.xml:11:22-78
uses-permission#android.permission.READ_EXTERNAL_STORAGE
ADDED from Rise/CloudDemo/AndroidManifest.xml:12:5-79
	android:name
		ADDED from Rise/CloudDemo/AndroidManifest.xml:12:22-77
uses-permission#android.permission.CAMERA
ADDED from Rise/CloudDemo/AndroidManifest.xml:13:5-64
	android:name
		ADDED from Rise/CloudDemo/AndroidManifest.xml:13:22-62
uses-permission#android.permission.INTERNET
ADDED from Rise/CloudDemo/AndroidManifest.xml:15:5-66
	android:name
		ADDED from Rise/CloudDemo/AndroidManifest.xml:15:22-64
uses-permission#android.permission.ACCESS_WIFI_STATE
ADDED from Rise/CloudDemo/AndroidManifest.xml:16:5-75
	android:name
		ADDED from Rise/CloudDemo/AndroidManifest.xml:16:22-73
uses-permission#android.permission.ACCESS_NETWORK_STATE
ADDED from Rise/CloudDemo/AndroidManifest.xml:17:5-78
	android:name
		ADDED from Rise/CloudDemo/AndroidManifest.xml:17:22-76
uses-permission#android.permission.READ_PHONE_STATE
ADDED from Rise/CloudDemo/AndroidManifest.xml:18:5-74
	android:name
		ADDED from Rise/CloudDemo/AndroidManifest.xml:18:22-72
uses-permission#android.permission.WAKE_LOCK
ADDED from Rise/CloudDemo/AndroidManifest.xml:19:5-67
	android:name
		ADDED from Rise/CloudDemo/AndroidManifest.xml:19:22-65
application
ADDED from Rise/CloudDemo/AndroidManifest.xml:21:5-68:19
	android:label
		ADDED from Rise/CloudDemo/AndroidManifest.xml:24:9-41
	android:allowBackup
		ADDED from Rise/CloudDemo/AndroidManifest.xml:22:9-36
	android:icon
		ADDED from Rise/CloudDemo/AndroidManifest.xml:23:9-45
	android:theme
		ADDED from Rise/CloudDemo/AndroidManifest.xml:25:9-40
activity#com.tencent.cloud.demo.MainActivity
ADDED from Rise/CloudDemo/AndroidManifest.xml:26:9-38:20
	android:screenOrientation
		ADDED from Rise/CloudDemo/AndroidManifest.xml:32:13-49
	android:label
		ADDED from Rise/CloudDemo/AndroidManifest.xml:28:13-45
	android:configChanges
		ADDED from Rise/CloudDemo/AndroidManifest.xml:31:13-74
	android:allowTaskReparenting
		ADDED from Rise/CloudDemo/AndroidManifest.xml:29:13-48
	android:name
		ADDED from Rise/CloudDemo/AndroidManifest.xml:27:13-41
	android:alwaysRetainTaskState
		ADDED from Rise/CloudDemo/AndroidManifest.xml:30:13-49
intent-filter#android.intent.action.MAIN+android.intent.category.LAUNCHER
ADDED from Rise/CloudDemo/AndroidManifest.xml:33:13-37:29
action#android.intent.action.MAIN
ADDED from Rise/CloudDemo/AndroidManifest.xml:34:17-69
	android:name
		ADDED from Rise/CloudDemo/AndroidManifest.xml:34:25-66
category#android.intent.category.LAUNCHER
ADDED from Rise/CloudDemo/AndroidManifest.xml:36:17-77
	android:name
		ADDED from Rise/CloudDemo/AndroidManifest.xml:36:27-74
activity#com.tencent.cloud.demo.DownloadActivity
ADDED from Rise/CloudDemo/AndroidManifest.xml:40:9-47:20
	android:screenOrientation
		ADDED from Rise/CloudDemo/AndroidManifest.xml:46:13-49
	android:label
		ADDED from Rise/CloudDemo/AndroidManifest.xml:42:13-31
	android:configChanges
		ADDED from Rise/CloudDemo/AndroidManifest.xml:45:13-74
	android:allowTaskReparenting
		ADDED from Rise/CloudDemo/AndroidManifest.xml:43:13-48
	android:name
		ADDED from Rise/CloudDemo/AndroidManifest.xml:41:13-45
	android:alwaysRetainTaskState
		ADDED from Rise/CloudDemo/AndroidManifest.xml:44:13-49
activity#com.tencent.cloud.demo.SignActivity
ADDED from Rise/CloudDemo/AndroidManifest.xml:48:9-55:20
	android:screenOrientation
		ADDED from Rise/CloudDemo/AndroidManifest.xml:54:13-49
	android:label
		ADDED from Rise/CloudDemo/AndroidManifest.xml:50:13-31
	android:configChanges
		ADDED from Rise/CloudDemo/AndroidManifest.xml:53:13-74
	android:allowTaskReparenting
		ADDED from Rise/CloudDemo/AndroidManifest.xml:51:13-48
	android:name
		ADDED from Rise/CloudDemo/AndroidManifest.xml:49:13-63
	android:alwaysRetainTaskState
		ADDED from Rise/CloudDemo/AndroidManifest.xml:52:13-49
activity#com.tencent.cloud.demo.AboutActivity
ADDED from Rise/CloudDemo/AndroidManifest.xml:56:9-63:20
	android:screenOrientation
		ADDED from Rise/CloudDemo/AndroidManifest.xml:62:13-49
	android:label
		ADDED from Rise/CloudDemo/AndroidManifest.xml:58:13-31
	android:configChanges
		ADDED from Rise/CloudDemo/AndroidManifest.xml:61:13-74
	android:allowTaskReparenting
		ADDED from Rise/CloudDemo/AndroidManifest.xml:59:13-48
	android:name
		ADDED from Rise/CloudDemo/AndroidManifest.xml:57:13-64
	android:alwaysRetainTaskState
		ADDED from Rise/CloudDemo/AndroidManifest.xml:60:13-49
activity#com.tencent.cloud.demo.fragment.fclouldfragement.FClouldFragement
ADDED from Rise/CloudDemo/AndroidManifest.xml:64:9-80
	android:name
		ADDED from Rise/CloudDemo/AndroidManifest.xml:64:19-77
activity#com.tencent.cloud.demo.fragment.fclouldfragement.StatActivity
ADDED from Rise/CloudDemo/AndroidManifest.xml:65:9-76
	android:name
		ADDED from Rise/CloudDemo/AndroidManifest.xml:65:19-73
activity#com.tencent.cloud.demo.fragment.fclouldfragement.FileUpdateActivity
ADDED from Rise/CloudDemo/AndroidManifest.xml:66:9-82
	android:name
		ADDED from Rise/CloudDemo/AndroidManifest.xml:66:19-79
activity#com.tencent.cloud.demo.fragment.fclouldfragement.VideoUpdateActivity
ADDED from Rise/CloudDemo/AndroidManifest.xml:67:9-83
	android:name
		ADDED from Rise/CloudDemo/AndroidManifest.xml:67:19-80